#
# A fatal error has been detected by the Java Runtime Environment:
#
#  EXCEPTION_ACCESS_VIOLATION (0xc0000005) at pc=0x000000005e95614f, pid=6172, tid=6416
#
# JRE version: Java(TM) SE Runtime Environment (8.0_40-b26) (build 1.8.0_40-b26)
# Java VM: Java HotSpot(TM) 64-Bit Server VM (25.40-b25 mixed mode windows-amd64 compressed oops)
# Problematic frame:
# V  [jvm.dll+0x4b614f]
#
# Failed to write core dump. Minidumps are not enabled by default on client versions of Windows
#
# If you would like to submit a bug report, please visit:
#   http://bugreport.java.com/bugreport/crash.jsp
#

---------------  T H R E A D  ---------------

Current thread (0x0000000014b86800):  JavaThread "C2 CompilerThread0" daemon [_thread_in_native, id=6416, stack(0x0000000016710000,0x0000000016810000)]

siginfo: ExceptionCode=0xc0000005, reading address 0xffffffffffffffff

Registers:
RAX=0x0000000000000002, RBX=0x0004000021970a38, RCX=0x00000000219bd880, RDX=0x0000000000008000
RSP=0x000000001680b570, RBP=0x0000000021970458, RSI=0x00000000219bd880, RDI=0x000000001680ba40
R8 =0x0000000000004f32, R9 =0x0000000018414ec0, R10=0x000000001680ba40, R11=0x00000000217d6b20
R12=0x0000000021970bd8, R13=0x0000000021970a38, R14=0x000000001680b658, R15=0x000000001680b678
RIP=0x000000005e95614f, EFLAGS=0x0000000000010287

Top of Stack: (sp=0x000000001680b570)
0x000000001680b570:   0000000021970c18 0000000021970458
0x000000001680b580:   0000000021a353a0 000000001680ba40
0x000000001680b590:   0000000021970458 000000001680b6c8
0x000000001680b5a0:   000000001680b720 000000005e957959
0x000000001680b5b0:   0000000021970c18 00000000000000d9
0x000000001680b5c0:   0000000000000001 0000000021a353a0
0x000000001680b5d0:   000000001680c410 000000005e98a1f0
0x000000001680b5e0:   0000000021a55350 0000000014b46ca0
0x000000001680b5f0:   000000001a128be0 000000001680b720
0x000000001680b600:   0000000014b46ca0 0000000000000000
0x000000001680b610:   000000001680ba40 000000005e95983f
0x000000001680b620:   000000001680ba40 0000000000000001
0x000000001680b630:   0000000000000001 000000001a128be0
0x000000001680b640:   0000000021a553a0 0000000021a5d338
0x000000001680b650:   0000000000298370 0000000014b46ca0
0x000000001680b660:   0000000000000200 00000000213b0c50 

Instructions: (pc=0x000000005e95614f)
0x000000005e95612f:   4c 89 64 24 50 4c 8b e0 4c 3b e8 0f 84 4f 01 00
0x000000005e95613f:   00 44 8b 43 28 4c 8b 8f f0 09 00 00 4b 8b 1c c1
0x000000005e95614f:   48 8b 43 08 48 83 38 00 75 2a 8b 57 28 0f 1f 40
0x000000005e95615f:   00 8b 43 28 3b c2 73 0c 8b c8 48 8b 47 30 48 8b 


Register to memory mapping:

RAX=0x0000000000000002 is an unknown value
RBX=0x0004000021970a38 is an unknown value
RCX=0x00000000219bd880 is an unknown value
RDX=0x0000000000008000 is an unknown value
RSP=0x000000001680b570 is pointing into the stack for thread: 0x0000000014b86800
RBP=0x0000000021970458 is an unknown value
RSI=0x00000000219bd880 is an unknown value
RDI=0x000000001680ba40 is pointing into the stack for thread: 0x0000000014b86800
R8 =0x0000000000004f32 is an unknown value
R9 =0x0000000018414ec0 is an unknown value
R10=0x000000001680ba40 is pointing into the stack for thread: 0x0000000014b86800
R11=0x00000000217d6b20 is an unknown value
R12=0x0000000021970bd8 is an unknown value
R13=0x0000000021970a38 is an unknown value
R14=0x000000001680b658 is pointing into the stack for thread: 0x0000000014b86800
R15=0x000000001680b678 is pointing into the stack for thread: 0x0000000014b86800


Stack: [0x0000000016710000,0x0000000016810000],  sp=0x000000001680b570,  free space=1005k
Native frames: (J=compiled Java code, j=interpreted, Vv=VM code, C=native code)
V  [jvm.dll+0x4b614f]
V  [jvm.dll+0x4b7959]
V  [jvm.dll+0x4b983f]
V  [jvm.dll+0x46bf81]
V  [jvm.dll+0x46ccbe]
V  [jvm.dll+0x4500d2]
V  [jvm.dll+0xa4312]
V  [jvm.dll+0xa4c4f]
V  [jvm.dll+0x241914]
V  [jvm.dll+0x29848a]
C  [msvcr100.dll+0x21d9f]
C  [msvcr100.dll+0x21e3b]
C  [KERNEL32.DLL+0x13d2]
C  [ntdll.dll+0x6e954]


Current CompileTask:
C2:  17319 14328       4       scala.reflect.internal.Symbols$Symbol::infoString (355 bytes)


---------------  P R O C E S S  ---------------

Java Threads: ( => current thread )
  0x0000000016cb7800 JavaThread "pool-4-thread-7" [_thread_blocked, id=7176, stack(0x000000001f240000,0x000000001f340000)]
  0x0000000019fe0800 JavaThread "pool-4-thread-6" [_thread_blocked, id=2456, stack(0x000000001ec00000,0x000000001ed00000)]
  0x0000000018092000 JavaThread "pool-4-thread-5" [_thread_blocked, id=1424, stack(0x000000001f140000,0x000000001f240000)]
  0x0000000016ccc800 JavaThread "pool-4-thread-4" [_thread_blocked, id=6504, stack(0x000000001f040000,0x000000001f140000)]
  0x0000000018d75800 JavaThread "pool-4-thread-3" [_thread_blocked, id=228, stack(0x000000001ef40000,0x000000001f040000)]
  0x000000001a176800 JavaThread "pool-4-thread-2" [_thread_blocked, id=5420, stack(0x000000001ee40000,0x000000001ef40000)]
  0x000000001952a800 JavaThread "pool-4-thread-1" [_thread_in_Java, id=1012, stack(0x000000001ed40000,0x000000001ee40000)]
  0x0000000018d95800 JavaThread "sbt-web-akka.actor.default-dispatcher-4" [_thread_blocked, id=7208, stack(0x000000001eb00000,0x000000001ec00000)]
  0x0000000019417800 JavaThread "sbt-web-akka.actor.default-dispatcher-3" [_thread_blocked, id=4492, stack(0x000000001e400000,0x000000001e500000)]
  0x000000001a37d800 JavaThread "sbt-web-akka.actor.default-dispatcher-2" [_thread_blocked, id=6816, stack(0x000000001d2b0000,0x000000001d3b0000)]
  0x000000001b1eb800 JavaThread "sbt-web-scheduler-1" [_thread_blocked, id=4724, stack(0x000000001cb40000,0x000000001cc40000)]
  0x0000000016a85000 JavaThread "Service Thread" daemon [_thread_blocked, id=6764, stack(0x0000000016e10000,0x0000000016f10000)]
  0x0000000014b99000 JavaThread "C1 CompilerThread2" daemon [_thread_blocked, id=7232, stack(0x0000000016910000,0x0000000016a10000)]
  0x0000000014b8a800 JavaThread "C2 CompilerThread1" daemon [_thread_in_native, id=2708, stack(0x0000000016810000,0x0000000016910000)]
=>0x0000000014b86800 JavaThread "C2 CompilerThread0" daemon [_thread_in_native, id=6416, stack(0x0000000016710000,0x0000000016810000)]
  0x0000000014b82800 JavaThread "Attach Listener" daemon [_thread_blocked, id=3104, stack(0x0000000016610000,0x0000000016710000)]
  0x0000000014b81000 JavaThread "Signal Dispatcher" daemon [_thread_blocked, id=6580, stack(0x0000000016510000,0x0000000016610000)]
  0x0000000002269000 JavaThread "Finalizer" daemon [_thread_blocked, id=1112, stack(0x0000000016410000,0x0000000016510000)]
  0x0000000002262000 JavaThread "Reference Handler" daemon [_thread_blocked, id=2364, stack(0x0000000016310000,0x0000000016410000)]
  0x0000000001ffd800 JavaThread "main" [_thread_blocked, id=4276, stack(0x0000000002070000,0x0000000002170000)]

Other Threads:
  0x0000000014b47800 VMThread [stack: 0x0000000016210000,0x0000000016310000] [id=6860]
  0x0000000016a89000 WatcherThread [stack: 0x0000000016f10000,0x0000000017010000] [id=4800]

VM state:not at safepoint (normal execution)

VM Mutex/Monitor currently owned by a thread: None

Heap:
 PSYoungGen      total 310272K, used 95829K [0x00000000eab00000, 0x0000000100000000, 0x0000000100000000)
  eden space 271360K, 29% used [0x00000000eab00000,0x00000000ef954310,0x00000000fb400000)
  from space 38912K, 40% used [0x00000000fb400000,0x00000000fc341368,0x00000000fda00000)
  to   space 36864K, 0% used [0x00000000fdc00000,0x00000000fdc00000,0x0000000100000000)
 ParOldGen       total 136704K, used 83320K [0x00000000c0000000, 0x00000000c8580000, 0x00000000eab00000)
  object space 136704K, 60% used [0x00000000c0000000,0x00000000c515e398,0x00000000c8580000)
 Metaspace       used 76990K, capacity 77638K, committed 78080K, reserved 1114112K
  class space    used 13843K, capacity 14013K, committed 14080K, reserved 1048576K

Card table byte_map: [0x0000000011630000,0x0000000011840000] byte_map_base: 0x0000000011030000

Marking Bits: (ParMarkBitMap*) 0x000000005eca4040
 Begin Bits: [0x0000000011fa0000, 0x0000000012fa0000)
 End Bits:   [0x0000000012fa0000, 0x0000000013fa0000)

Polling page: 0x0000000001fc0000

CodeCache: size=245760Kb used=36373Kb max_used=37099Kb free=209386Kb
 bounds [0x0000000002270000, 0x00000000046e0000, 0x0000000011270000]
 total_blobs=12659 nmethods=12191 adapters=376
 compilation: enabled

Compilation events (10 events):
Event: 17.044 Thread 0x0000000014b99000 14353       3       scala.reflect.internal.Symbols$Symbol::matchingInheritedSymbolIn (30 bytes)
Event: 17.045 Thread 0x0000000014b99000 nmethod 14353 0x0000000004692150 code [0x00000000046923a0, 0x00000000046930c8]
Event: 17.096 Thread 0x0000000014b99000 14356       3       scala.tools.nsc.doc.model.ModelFactory$MemberTemplateImpl::isCaseClass (5 bytes)
Event: 17.097 Thread 0x0000000014b99000 nmethod 14356 0x000000000468dd90 code [0x000000000468df00, 0x000000000468e208]
Event: 17.097 Thread 0x0000000014b99000 14357       3       scala.tools.nsc.doc.model.ModelFactory$TemplateImpl$class::isCaseClass (11 bytes)
Event: 17.097 Thread 0x0000000014b99000 nmethod 14357 0x0000000004691b50 code [0x0000000004691cc0, 0x0000000004692048]
Event: 17.099 Thread 0x0000000014b99000 14359       3       scala.tools.nsc.doc.base.comment.EntityLink$::unapply (23 bytes)
Event: 17.099 Thread 0x0000000014b99000 nmethod 14359 0x0000000004690fd0 code [0x0000000004691180, 0x0000000004691828]
Event: 17.112 Thread 0x0000000014b99000 14360       3       scala.tools.nsc.doc.model.ModelFactory$MemberImpl::byConversion (4 bytes)
Event: 17.112 Thread 0x0000000014b99000 nmethod 14360 0x0000000004690c90 code [0x0000000004690de0, 0x0000000004690f30]

GC Heap History (10 events):
Event: 7.146 GC heap before
{Heap before GC invocations=11 (full 0):
 PSYoungGen      total 221696K, used 217858K [0x00000000eab00000, 0x00000000f9280000, 0x0000000100000000)
  eden space 207872K, 100% used [0x00000000eab00000,0x00000000f7600000,0x00000000f7600000)
  from space 13824K, 72% used [0x00000000f8400000,0x00000000f8dc09f0,0x00000000f9180000)
  to   space 14336K, 0% used [0x00000000f7600000,0x00000000f7600000,0x00000000f8400000)
 ParOldGen       total 44032K, used 21208K [0x00000000c0000000, 0x00000000c2b00000, 0x00000000eab00000)
  object space 44032K, 48% used [0x00000000c0000000,0x00000000c14b62c0,0x00000000c2b00000)
 Metaspace       used 58126K, capacity 58810K, committed 59008K, reserved 1097728K
  class space    used 11258K, capacity 11385K, committed 11392K, reserved 1048576K
Event: 7.181 GC heap after
Heap after GC invocations=11 (full 0):
 PSYoungGen      total 222208K, used 14325K [0x00000000eab00000, 0x0000000100000000, 0x0000000100000000)
  eden space 207872K, 0% used [0x00000000eab00000,0x00000000eab00000,0x00000000f7600000)
  from space 14336K, 99% used [0x00000000f7600000,0x00000000f83fd508,0x00000000f8400000)
  to   space 23040K, 0% used [0x00000000fe980000,0x00000000fe980000,0x0000000100000000)
 ParOldGen       total 44032K, used 40247K [0x00000000c0000000, 0x00000000c2b00000, 0x00000000eab00000)
  object space 44032K, 91% used [0x00000000c0000000,0x00000000c274dd90,0x00000000c2b00000)
 Metaspace       used 58126K, capacity 58810K, committed 59008K, reserved 1097728K
  class space    used 11258K, capacity 11385K, committed 11392K, reserved 1048576K
}
Event: 7.182 GC heap before
{Heap before GC invocations=12 (full 1):
 PSYoungGen      total 222208K, used 14325K [0x00000000eab00000, 0x0000000100000000, 0x0000000100000000)
  eden space 207872K, 0% used [0x00000000eab00000,0x00000000eab00000,0x00000000f7600000)
  from space 14336K, 99% used [0x00000000f7600000,0x00000000f83fd508,0x00000000f8400000)
  to   space 23040K, 0% used [0x00000000fe980000,0x00000000fe980000,0x0000000100000000)
 ParOldGen       total 44032K, used 40247K [0x00000000c0000000, 0x00000000c2b00000, 0x00000000eab00000)
  object space 44032K, 91% used [0x00000000c0000000,0x00000000c274dd90,0x00000000c2b00000)
 Metaspace       used 58126K, capacity 58810K, committed 59008K, reserved 1097728K
  class space    used 11258K, capacity 11385K, committed 11392K, reserved 1048576K
Event: 7.284 GC heap after
Heap after GC invocations=12 (full 1):
 PSYoungGen      total 222208K, used 0K [0x00000000eab00000, 0x0000000100000000, 0x0000000100000000)
  eden space 207872K, 0% used [0x00000000eab00000,0x00000000eab00000,0x00000000f7600000)
  from space 14336K, 0% used [0x00000000f7600000,0x00000000f7600000,0x00000000f8400000)
  to   space 23040K, 0% used [0x00000000fe980000,0x00000000fe980000,0x0000000100000000)
 ParOldGen       total 77824K, used 42822K [0x00000000c0000000, 0x00000000c4c00000, 0x00000000eab00000)
  object space 77824K, 55% used [0x00000000c0000000,0x00000000c29d1bc0,0x00000000c4c00000)
 Metaspace       used 58086K, capacity 58722K, committed 59008K, reserved 1097728K
  class space    used 11248K, capacity 11357K, committed 11392K, reserved 1048576K
}
Event: 11.257 GC heap before
{Heap before GC invocations=13 (full 1):
 PSYoungGen      total 222208K, used 207872K [0x00000000eab00000, 0x0000000100000000, 0x0000000100000000)
  eden space 207872K, 100% used [0x00000000eab00000,0x00000000f7600000,0x00000000f7600000)
  from space 14336K, 0% used [0x00000000f7600000,0x00000000f7600000,0x00000000f8400000)
  to   space 23040K, 0% used [0x00000000fe980000,0x00000000fe980000,0x0000000100000000)
 ParOldGen       total 77824K, used 42822K [0x00000000c0000000, 0x00000000c4c00000, 0x00000000eab00000)
  object space 77824K, 55% used [0x00000000c0000000,0x00000000c29d1bc0,0x00000000c4c00000)
 Metaspace       used 72811K, capacity 73446K, committed 73984K, reserved 1110016K
  class space    used 13296K, capacity 13469K, committed 13568K, reserved 1048576K
Event: 11.319 GC heap after
Heap after GC invocations=13 (full 1):
 PSYoungGen      total 294400K, used 23027K [0x00000000eab00000, 0x0000000100000000, 0x0000000100000000)
  eden space 271360K, 0% used [0x00000000eab00000,0x00000000eab00000,0x00000000fb400000)
  from space 23040K, 99% used [0x00000000fe980000,0x00000000ffffced0,0x0000000100000000)
  to   space 38912K, 0% used [0x00000000fb400000,0x00000000fb400000,0x00000000fda00000)
 ParOldGen       total 77824K, used 76262K [0x00000000c0000000, 0x00000000c4c00000, 0x00000000eab00000)
  object space 77824K, 97% used [0x00000000c0000000,0x00000000c4a79a80,0x00000000c4c00000)
 Metaspace       used 72811K, capacity 73446K, committed 73984K, reserved 1110016K
  class space    used 13296K, capacity 13469K, committed 13568K, reserved 1048576K
}
Event: 11.319 GC heap before
{Heap before GC invocations=14 (full 2):
 PSYoungGen      total 294400K, used 23027K [0x00000000eab00000, 0x0000000100000000, 0x0000000100000000)
  eden space 271360K, 0% used [0x00000000eab00000,0x00000000eab00000,0x00000000fb400000)
  from space 23040K, 99% used [0x00000000fe980000,0x00000000ffffced0,0x0000000100000000)
  to   space 38912K, 0% used [0x00000000fb400000,0x00000000fb400000,0x00000000fda00000)
 ParOldGen       total 77824K, used 76262K [0x00000000c0000000, 0x00000000c4c00000, 0x00000000eab00000)
  object space 77824K, 97% used [0x00000000c0000000,0x00000000c4a79a80,0x00000000c4c00000)
 Metaspace       used 72811K, capacity 73446K, committed 73984K, reserved 1110016K
  class space    used 13296K, capacity 13469K, committed 13568K, reserved 1048576K
Event: 11.512 GC heap after
Heap after GC invocations=14 (full 2):
 PSYoungGen      total 294400K, used 5597K [0x00000000eab00000, 0x0000000100000000, 0x0000000100000000)
  eden space 271360K, 0% used [0x00000000eab00000,0x00000000eab00000,0x00000000fb400000)
  from space 23040K, 24% used [0x00000000fe980000,0x00000000feef7548,0x0000000100000000)
  to   space 38912K, 0% used [0x00000000fb400000,0x00000000fb400000,0x00000000fda00000)
 ParOldGen       total 136704K, used 77708K [0x00000000c0000000, 0x00000000c8580000, 0x00000000eab00000)
  object space 136704K, 56% used [0x00000000c0000000,0x00000000c4be31d8,0x00000000c8580000)
 Metaspace       used 72811K, capacity 73446K, committed 73984K, reserved 1110016K
  class space    used 13296K, capacity 13469K, committed 13568K, reserved 1048576K
}
Event: 16.598 GC heap before
{Heap before GC invocations=15 (full 2):
 PSYoungGen      total 294400K, used 276957K [0x00000000eab00000, 0x0000000100000000, 0x0000000100000000)
  eden space 271360K, 100% used [0x00000000eab00000,0x00000000fb400000,0x00000000fb400000)
  from space 23040K, 24% used [0x00000000fe980000,0x00000000feef7548,0x0000000100000000)
  to   space 38912K, 0% used [0x00000000fb400000,0x00000000fb400000,0x00000000fda00000)
 ParOldGen       total 136704K, used 77708K [0x00000000c0000000, 0x00000000c8580000, 0x00000000eab00000)
  object space 136704K, 56% used [0x00000000c0000000,0x00000000c4be31d8,0x00000000c8580000)
 Metaspace       used 76928K, capacity 77574K, committed 78080K, reserved 1114112K
  class space    used 13843K, capacity 14013K, committed 14080K, reserved 1048576K
Event: 16.643 GC heap after
Heap after GC invocations=15 (full 2):
 PSYoungGen      total 310272K, used 15620K [0x00000000eab00000, 0x0000000100000000, 0x0000000100000000)
  eden space 271360K, 0% used [0x00000000eab00000,0x00000000eab00000,0x00000000fb400000)
  from space 38912K, 40% used [0x00000000fb400000,0x00000000fc341368,0x00000000fda00000)
  to   space 36864K, 0% used [0x00000000fdc00000,0x00000000fdc00000,0x0000000100000000)
 ParOldGen       total 136704K, used 83320K [0x00000000c0000000, 0x00000000c8580000, 0x00000000eab00000)
  object space 136704K, 60% used [0x00000000c0000000,0x00000000c515e398,0x00000000c8580000)
 Metaspace       used 76928K, capacity 77574K, committed 78080K, reserved 1114112K
  class space    used 13843K, capacity 14013K, committed 14080K, reserved 1048576K
}

Deoptimization events (10 events):
Event: 15.096 Thread 0x000000001952a800 Uncommon trap: reason=unstable_if action=reinterpret pc=0x00000000041a4cc4 method=scala.reflect.internal.Symbols$TermSymbol.isPackageObject()Z @ 4
Event: 15.098 Thread 0x000000001952a800 Uncommon trap: reason=unstable_if action=reinterpret pc=0x000000000347c748 method=scala.collection.immutable.List.flatMap(Lscala/Function1;Lscala/collection/generic/CanBuildFrom;)Ljava/lang/Object; @ 7
Event: 15.134 Thread 0x000000001952a800 Uncommon trap: reason=unstable_if action=reinterpret pc=0x0000000002f5967c method=sun.nio.cs.UTF_8$Encoder.encodeArrayLoop(Ljava/nio/CharBuffer;Ljava/nio/ByteBuffer;)Ljava/nio/charset/CoderResult; @ 87
Event: 15.135 Thread 0x000000001952a800 Uncommon trap: reason=unstable_if action=reinterpret pc=0x0000000002f5f220 method=sun.nio.cs.UTF_8$Encoder.encodeArrayLoop(Ljava/nio/CharBuffer;Ljava/nio/ByteBuffer;)Ljava/nio/charset/CoderResult; @ 87
Event: 16.104 Thread 0x000000001952a800 Uncommon trap: reason=unstable_if action=reinterpret pc=0x0000000003d864e8 method=scala.reflect.internal.Symbols$TermSymbol.isPackageObject()Z @ 38
Event: 16.117 Thread 0x000000001952a800 Uncommon trap: reason=class_check action=maybe_recompile pc=0x0000000003f131b8 method=scala.collection.mutable.ResizableArray$class.length(Lscala/collection/mutable/ResizableArray;)I @ 1
Event: 16.117 Thread 0x000000001952a800 Uncommon trap: reason=class_check action=maybe_recompile pc=0x0000000003f131b8 method=scala.collection.mutable.ResizableArray$class.length(Lscala/collection/mutable/ResizableArray;)I @ 1
Event: 16.117 Thread 0x000000001952a800 Uncommon trap: reason=class_check action=maybe_recompile pc=0x0000000003f131b8 method=scala.collection.mutable.ResizableArray$class.length(Lscala/collection/mutable/ResizableArray;)I @ 1
Event: 16.117 Thread 0x000000001952a800 Uncommon trap: reason=class_check action=maybe_recompile pc=0x0000000003f131b8 method=scala.collection.mutable.ResizableArray$class.length(Lscala/collection/mutable/ResizableArray;)I @ 1
Event: 16.983 Thread 0x000000001952a800 Uncommon trap: reason=unstable_if action=reinterpret pc=0x000000000457350c method=scala.reflect.internal.Symbols$Symbol.matchingInheritedSymbolIn(Lscala/reflect/internal/Symbols$Symbol;)Lscala/reflect/internal/Symbols$Symbol; @ 4

Internal exceptions (10 events):
Event: 6.549 Thread 0x000000001a176800 Exception <a 'java/lang/NoSuchMethodError': <clinit>> (0x00000000eeaffcb8) thrown at [D:\re\workspace\8-2-build-windows-amd64-cygwin\jdk8u40\3098\hotspot\src\share\vm\prims\jni.cpp, line 1598]
Event: 6.550 Thread 0x000000001a176800 Exception <a 'java/lang/NoSuchMethodError': <clinit>> (0x00000000eeb0ab50) thrown at [D:\re\workspace\8-2-build-windows-amd64-cygwin\jdk8u40\3098\hotspot\src\share\vm\prims\jni.cpp, line 1598]
Event: 6.575 Thread 0x000000001a176800 Exception <a 'java/lang/NoSuchMethodError': <clinit>> (0x00000000ef251b30) thrown at [D:\re\workspace\8-2-build-windows-amd64-cygwin\jdk8u40\3098\hotspot\src\share\vm\prims\jni.cpp, line 1598]
Event: 6.602 Thread 0x000000001a176800 Exception <a 'java/lang/NoSuchMethodError': <clinit>> (0x00000000ef478890) thrown at [D:\re\workspace\8-2-build-windows-amd64-cygwin\jdk8u40\3098\hotspot\src\share\vm\prims\jni.cpp, line 1598]
Event: 6.614 Thread 0x000000001a176800 Exception <a 'java/lang/NoSuchMethodError': <clinit>> (0x00000000ef54f868) thrown at [D:\re\workspace\8-2-build-windows-amd64-cygwin\jdk8u40\3098\hotspot\src\share\vm\prims\jni.cpp, line 1598]
Event: 6.737 Thread 0x0000000019fe0800 Exception <a 'java/io/FileNotFoundException'> (0x00000000f07c7310) thrown at [D:\re\workspace\8-2-build-windows-amd64-cygwin\jdk8u40\3098\hotspot\src\share\vm\prims\jni.cpp, line 709]
Event: 6.763 Thread 0x0000000019fe0800 Exception <a 'java/io/FileNotFoundException'> (0x00000000f07ce1a8) thrown at [D:\re\workspace\8-2-build-windows-amd64-cygwin\jdk8u40\3098\hotspot\src\share\vm\prims\jni.cpp, line 709]
Event: 7.112 Thread 0x0000000019fe0800 Exception <a 'java/io/FileNotFoundException'> (0x00000000f70910a0) thrown at [D:\re\workspace\8-2-build-windows-amd64-cygwin\jdk8u40\3098\hotspot\src\share\vm\prims\jni.cpp, line 709]
Event: 7.128 Thread 0x0000000019fe0800 Exception <a 'java/io/FileNotFoundException'> (0x00000000f70a2ad8) thrown at [D:\re\workspace\8-2-build-windows-amd64-cygwin\jdk8u40\3098\hotspot\src\share\vm\prims\jni.cpp, line 709]
Event: 11.516 Thread 0x000000001952a800 Implicit null exception at 0x0000000003a8a7b8 to 0x0000000003a8ab91

Events (10 events):
Event: 16.557 Executing VM operation: ForceSafepoint done
Event: 16.598 Executing VM operation: ParallelGCFailedAllocation
Event: 16.643 Executing VM operation: ParallelGCFailedAllocation done
Event: 16.790 Executing VM operation: BulkRevokeBias
Event: 16.791 Executing VM operation: BulkRevokeBias done
Event: 16.983 Thread 0x000000001952a800 Uncommon trap: trap_request=0xffffff65 fr.pc=0x000000000457350c
Event: 16.983 Thread 0x000000001952a800 DEOPT PACKING pc=0x000000000457350c sp=0x000000001ee3aec0
Event: 16.983 Thread 0x000000001952a800 DEOPT UNPACKING pc=0x00000000022b582a sp=0x000000001ee3aec8 mode 2
Event: 17.095 Executing VM operation: BulkRevokeBias
Event: 17.096 Executing VM operation: BulkRevokeBias done


Dynamic libraries:
0x00007ff7e9b10000 - 0x00007ff7e9b47000 	C:\Program Files\Java\jdk1.8.0_40\bin\java.exe
0x00007ffa60b10000 - 0x00007ffa60cbc000 	C:\Windows\SYSTEM32\ntdll.dll
0x00007ffa5e9c0000 - 0x00007ffa5eafe000 	C:\Windows\system32\KERNEL32.DLL
0x00007ffa5df70000 - 0x00007ffa5e085000 	C:\Windows\system32\KERNELBASE.dll
0x00007ffa5c800000 - 0x00007ffa5c88e000 	C:\Windows\system32\apphelp.dll
0x00007ffa4fe20000 - 0x00007ffa4fe73000 	C:\Windows\AppPatch\AppPatch64\AcGenral.DLL
0x00007ffa5f160000 - 0x00007ffa5f20a000 	C:\Windows\system32\msvcrt.dll
0x00007ffa5d980000 - 0x00007ffa5d9ae000 	C:\Windows\SYSTEM32\SspiCli.dll
0x00007ffa5e8f0000 - 0x00007ffa5e944000 	C:\Windows\system32\SHLWAPI.dll
0x00007ffa5f210000 - 0x00007ffa5f387000 	C:\Windows\system32\USER32.dll
0x00007ffa5ee90000 - 0x00007ffa5f024000 	C:\Windows\system32\ole32.dll
0x00007ffa5f5b0000 - 0x00007ffa60ac8000 	C:\Windows\system32\SHELL32.dll
0x00007ffa5d200000 - 0x00007ffa5d221000 	C:\Windows\SYSTEM32\USERENV.dll
0x00007ffa5e840000 - 0x00007ffa5e8ea000 	C:\Windows\system32\ADVAPI32.dll
0x00007ffa52850000 - 0x00007ffa5286e000 	C:\Windows\SYSTEM32\MPR.dll
0x00007ffa5eb20000 - 0x00007ffa5ec61000 	C:\Windows\system32\RPCRT4.dll
0x00007ffa5e1a0000 - 0x00007ffa5e1f9000 	C:\Windows\SYSTEM32\sechost.dll
0x00007ffa5ec70000 - 0x00007ffa5ee81000 	C:\Windows\SYSTEM32\combase.dll
0x00007ffa5f390000 - 0x00007ffa5f4e1000 	C:\Windows\system32\GDI32.dll
0x00007ffa5dc60000 - 0x00007ffa5dc75000 	C:\Windows\SYSTEM32\profapi.dll
0x00007ffa5c490000 - 0x00007ffa5c542000 	C:\Windows\SYSTEM32\SHCORE.dll
0x00007ffa60ad0000 - 0x00007ffa60b06000 	C:\Windows\system32\IMM32.DLL
0x00007ffa5e470000 - 0x00007ffa5e5c2000 	C:\Windows\system32\MSCTF.dll
0x00007ffa5c040000 - 0x00007ffa5c2bb000 	C:\Windows\WinSxS\amd64_microsoft.windows.common-controls_6595b64144ccf1df_6.0.9600.17415_none_6240486fecbd8abb\COMCTL32.dll
0x000000005fcb0000 - 0x000000005fd82000 	C:\Program Files\Java\jdk1.8.0_40\jre\bin\msvcr100.dll
0x000000005e4a0000 - 0x000000005ed23000 	C:\Program Files\Java\jdk1.8.0_40\jre\bin\server\jvm.dll
0x00007ffa52050000 - 0x00007ffa52059000 	C:\Windows\SYSTEM32\WSOCK32.dll
0x00007ffa5ac30000 - 0x00007ffa5ac52000 	C:\Windows\SYSTEM32\WINMM.dll
0x00007ffa5b780000 - 0x00007ffa5b78a000 	C:\Windows\SYSTEM32\VERSION.dll
0x00007ffa5eb00000 - 0x00007ffa5eb07000 	C:\Windows\system32\PSAPI.DLL
0x00007ffa5f030000 - 0x00007ffa5f08a000 	C:\Windows\system32\WS2_32.dll
0x00007ffa5abf0000 - 0x00007ffa5ac1a000 	C:\Windows\SYSTEM32\WINMMBASE.dll
0x00007ffa5eb10000 - 0x00007ffa5eb19000 	C:\Windows\system32\NSI.dll
0x00007ffa5e090000 - 0x00007ffa5e0df000 	C:\Windows\SYSTEM32\cfgmgr32.dll
0x00007ffa5ca70000 - 0x00007ffa5ca98000 	C:\Windows\SYSTEM32\DEVOBJ.dll
0x000000005fca0000 - 0x000000005fcaf000 	C:\Program Files\Java\jdk1.8.0_40\jre\bin\verify.dll
0x000000005fc70000 - 0x000000005fc99000 	C:\Program Files\Java\jdk1.8.0_40\jre\bin\java.dll
0x000000005fc50000 - 0x000000005fc66000 	C:\Program Files\Java\jdk1.8.0_40\jre\bin\zip.dll
0x000000005fc30000 - 0x000000005fc4a000 	C:\Program Files\Java\jdk1.8.0_40\jre\bin\net.dll
0x00007ffa5d470000 - 0x00007ffa5d4c9000 	C:\Windows\system32\mswsock.dll
0x000000005fc10000 - 0x000000005fc21000 	C:\Program Files\Java\jdk1.8.0_40\jre\bin\nio.dll
0x00007ffa5d4d0000 - 0x00007ffa5d4f0000 	C:\Windows\SYSTEM32\CRYPTSP.dll
0x00007ffa5d0f0000 - 0x00007ffa5d126000 	C:\Windows\system32\rsaenh.dll
0x00007ffa5d860000 - 0x00007ffa5d886000 	C:\Windows\SYSTEM32\bcrypt.dll
0x00007ffa5db30000 - 0x00007ffa5db93000 	C:\Windows\system32\bcryptprimitives.dll
0x00007ffa5dba0000 - 0x00007ffa5dbab000 	C:\Windows\SYSTEM32\CRYPTBASE.dll
0x00007ffa58e70000 - 0x00007ffa58e9a000 	C:\Windows\SYSTEM32\IPHLPAPI.DLL
0x00007ffa58e60000 - 0x00007ffa58e6a000 	C:\Windows\SYSTEM32\WINNSI.DLL
0x00007ffa571b0000 - 0x00007ffa571c6000 	C:\Windows\SYSTEM32\dhcpcsvc6.DLL
0x00007ffa570f0000 - 0x00007ffa5710a000 	C:\Windows\SYSTEM32\dhcpcsvc.DLL
0x00007ffa5bbc0000 - 0x00007ffa5bbca000 	C:\Users\Rodrigo\AppData\Local\Temp\jansi-64-1-3343185076758280657.11
0x00007ffa59700000 - 0x00007ffa59715000 	C:\Windows\system32\napinsp.dll
0x00007ffa584c0000 - 0x00007ffa584da000 	C:\Windows\system32\pnrpnsp.dll
0x00007ffa589f0000 - 0x00007ffa58a0b000 	C:\Windows\system32\NLAapi.dll
0x00007ffa5d270000 - 0x00007ffa5d314000 	C:\Windows\SYSTEM32\DNSAPI.dll
0x00007ffa5b860000 - 0x00007ffa5b86d000 	C:\Windows\System32\winrnr.dll
0x00007ffa584a0000 - 0x00007ffa584b4000 	C:\Windows\system32\wshbth.dll
0x00007ffa55200000 - 0x00007ffa55218000 	C:\Windows\system32\wlidnsp.dll
0x00007ffa5dd30000 - 0x00007ffa5df0f000 	C:\Windows\system32\CRYPT32.dll
0x00007ffa5dd10000 - 0x00007ffa5dd21000 	C:\Windows\system32\MSASN1.dll
0x00007ffa5c890000 - 0x00007ffa5c89a000 	C:\Windows\SYSTEM32\DPAPI.DLL
0x00007ffa551f0000 - 0x00007ffa551fa000 	C:\Windows\System32\rasadhlp.dll
0x00007ffa571d0000 - 0x00007ffa5723b000 	C:\Windows\System32\fwpuclnt.dll
0x00007ffa58a10000 - 0x00007ffa58b9a000 	C:\Windows\SYSTEM32\dbghelp.dll

VM Arguments:
jvm_args: -XX:MetaspaceSize=64M -XX:MaxMetaspaceSize=256M -Dactivator.home=//C:/Users/Rodrigo/Documents/GitHub/Nilda-DoceTentacao 
java_command: C:\Users\Rodrigo\Documents\GitHub\Nilda-DoceTentacao\activator-launch-1.2.12.jar stage
java_class_path (initial): C:\Users\Rodrigo\Documents\GitHub\Nilda-DoceTentacao\activator-launch-1.2.12.jar
Launcher Type: SUN_STANDARD

Environment Variables:
JAVA_HOME=C:\Program Files\Java\jdk1.8.0_40
PATH=C:\Program Files\Java\jdk1.8.0_40\bin;C:\ProgramData\Oracle\Java\javapath;C:\Program Files (x86)\NVIDIA Corporation\PhysX\Common;C:\Windows\system32;C:\Windows;C:\Windows\System32\Wbem;C:\Windows\System32\WindowsPowerShell\v1.0\;C:\Program Files (x86)\Windows Live\Shared;C:\Program Files (x86)\Heroku\bin;C:\Program Files (x86)\git\cmd;C:\Program Files\Java\jdk1.8.0_40\bin;C:\activator-1.3.2-minimal
USERNAME=Rodrigo
OS=Windows_NT
PROCESSOR_IDENTIFIER=AMD64 Family 16 Model 10 Stepping 0, AuthenticAMD



---------------  S Y S T E M  ---------------

OS: Windows 8.1 , 64 bit Build 9600 (6.3.9600.17415)

CPU:total 6 (6 cores per cpu, 1 threads per core) family 16 model 10 stepping 0, cmov, cx8, fxsr, mmx, sse, sse2, sse3, popcnt, mmxext, 3dnowpref, lzcnt, sse4a, tsc, tscinvbit, tscinv

Memory: 4k page, physical 4193508k(1518048k free), swap 8387812k(4519576k free)

vm_info: Java HotSpot(TM) 64-Bit Server VM (25.40-b25) for windows-amd64 JRE (1.8.0_40-b26), built on Mar  7 2015 13:51:59 by "java_re" with MS VC++ 10.0 (VS2010)

time: Sat Apr 04 20:39:08 2015
elapsed time: 17 seconds (0d 0h 0m 17s)

